C51 COMPILER V9.60.0.0   TIMER                                                             02/11/2020 23:30:50 PAGE 1   


C51 COMPILER V9.60.0.0, COMPILATION OF MODULE TIMER
OBJECT MODULE PLACED IN ..\OBJ\timer.obj
COMPILER INVOKED BY: C:\software\IDE\Keil_v5\C51\BIN\C51.EXE ..\SYSTEM\TIMER\timer.c LARGE ROM(COMPACT) OPTIMIZE(8,SPEED
                    -) BROWSE INCDIR(..\HARDWARE\ADC;..\HARDWARE\EEPROM;..\HARDWARE\MOTOR;..\SYSTEM\sys;..\SYSTEM\TIMER;..\SYSTEM\USART;..\SY
                    -STEM\GPIO;..\SYSTEM\DELAY;..\USER) DEBUG OBJECTEXTEND PRINT(..\LST\timer.lst) TABS(2) OBJECT(..\OBJ\timer.obj)

line level    source

   1          
   2          /*************  功能说明  **************
   3          
   4          本文件为STC15xxx系列的定时器初始化和中断程序,用户可以在这个文件中修改自己需要的中断程序.
   5          
   6          
   7          ******************************************/
   8          
   9          
  10          
  11          #include  "timer.h"
  12          
  13          
  14          
  15          
  16          
  17          
  18          //========================================================================
  19          // 函数: u8 Timer_Inilize(u8 TIM, TIM_InitTypeDef *TIMx)
  20          // 描述: 定时器初始化程序.
  21          // 参数: TIMx: 结构参数,请参考timer.h里的定义.
  22          // 返回: 成功返回0, 空操作返回1,错误返回2.
  23          // 版本: V1.0, 2012-10-22
  24          //========================================================================
  25          u8  Timer_Inilize(u8 TIM, TIM_InitTypeDef *TIMx)
  26          {
  27   1        if(TIM > Timer2)  return 1; //空操作
  28   1      
  29   1        if(TIM == Timer0)
  30   1        {
  31   2          TR0 = 0;    //停止计数
  32   2          if(TIMx->TIM_Interrupt == ENABLE)   ET0 = 1;  //允许中断
  33   2          else                  ET0 = 0;  //禁止中断
  34   2          if(TIMx->TIM_Polity == PolityHigh)    PT0 = 1;  //高优先级中断
  35   2          else                  PT0 = 0;  //低优先级中断
  36   2          if(TIMx->TIM_Mode >  TIM_16BitAutoReloadNoMask) return 2; //错误
  37   2          TMOD = (TMOD & ~0x03) | TIMx->TIM_Mode; //工作模式,0: 16位自动重装, 1: 16位定时/计数, 2: 8位自动重装, 3:
             - 16位自动重装, 不可屏蔽中断
  38   2          if(TIMx->TIM_ClkSource == TIM_CLOCK_12T)  AUXR &= ~0x80;  //12T
  39   2          if(TIMx->TIM_ClkSource == TIM_CLOCK_1T)   AUXR |=  0x80;  //1T
  40   2          if(TIMx->TIM_ClkSource == TIM_CLOCK_Ext)  TMOD |=  0x04;  //对外计数或分频
  41   2          else                    TMOD &= ~0x04;  //定时
  42   2          if(TIMx->TIM_ClkOut == ENABLE)  INT_CLKO |=  0x01;  //输出时钟
  43   2          else              INT_CLKO &= ~0x01;  //不输出时钟
  44   2          
  45   2          TH0 = (u8)(TIMx->TIM_Value >> 8);
  46   2          TL0 = (u8)TIMx->TIM_Value;
  47   2          if(TIMx->TIM_Run == ENABLE) TR0 = 1;  //开始运行
  48   2          return  0;    //成功
  49   2        }
  50   1      }
*** WARNING C291 IN LINE 50 OF ..\SYSTEM\TIMER\timer.c: not every exit path returns a value

C51 COMPILER V9.60.0.0   TIMER                                                             02/11/2020 23:30:50 PAGE 2   


MODULE INFORMATION:   STATIC OVERLAYABLE
   CODE SIZE        =    159    ----
   CONSTANT SIZE    =   ----    ----
   XDATA SIZE       =   ----    ----
   PDATA SIZE       =   ----    ----
   DATA SIZE        =   ----    ----
   IDATA SIZE       =   ----    ----
   BIT SIZE         =   ----    ----
END OF MODULE INFORMATION.


C51 COMPILATION COMPLETE.  1 WARNING(S),  0 ERROR(S)
